client/build/outputs/logs/manifest-merger-debug-report.txt
-- Merging decision tree log ---
manifest
ADDED from src\main\AndroidManifest.xml:19:1-249:12
	package
		ADDED from src\main\AndroidManifest.xml:20:5-33
		INJECTED from src\main\AndroidManifest.xml
		INJECTED from src\main\AndroidManifest.xml
	android:sharedUserId
		ADDED from src\main\AndroidManifest.xml:21:5-46
	android:versionName
		ADDED from src\main\AndroidManifest.xml:23:5-30
		INJECTED from src\main\AndroidManifest.xml
		INJECTED from src\main\AndroidManifest.xml
	android:versionCode
		ADDED from src\main\AndroidManifest.xml:22:5-28
		INJECTED from src\main\AndroidManifest.xml
		INJECTED from src\main\AndroidManifest.xml
	xmlns:android
		ADDED from src\main\AndroidManifest.xml:19:11-69
uses-sdk
ADDED from src\main\AndroidManifest.xml:25:5-27:41
MERGED from [com.android.support:multidex:1.0.1] AndroidManifest.xml:18:5-42
MERGED from [client:iDPProxy:unspecified] AndroidManifest.xml:24:5-26:41
MERGED from [com.android.volley:volley:unspecified] AndroidManifest.xml:7:5-43
MERGED from [com.google.android.gms:play-services-gcm:7.5.0] AndroidManifest.xml:18:5-42
MERGED from [com.google.android.gms:play-services-base:7.5.0] AndroidManifest.xml:18:5-42
MERGED from [com.android.support:support-v4:23.1.1] AndroidManifest.xml:20:5-43
MERGED from [com.actionbarsherlock:actionbarsherlock:4.4.0] AndroidManifest.xml:3:3-70
	android:targetSdkVersion
		ADDED from src\main\AndroidManifest.xml:27:9-38
		INJECTED from src\main\AndroidManifest.xml
		INJECTED from src\main\AndroidManifest.xml
	android:minSdkVersion
		ADDED from src\main\AndroidManifest.xml:26:9-35
		INJECTED from src\main\AndroidManifest.xml
		INJECTED from src\main\AndroidManifest.xml
uses-permission#android.permission.WAKE_LOCK
ADDED from src\main\AndroidManifest.xml:29:5-68
	android:name
		ADDED from src\main\AndroidManifest.xml:29:22-65
uses-permission#com.android.launcher.permission.INSTALL_SHORTCUT
ADDED from src\main\AndroidManifest.xml:30:5-88
	android:name
		ADDED from src\main\AndroidManifest.xml:30:22-85
uses-permission#com.android.launcher.permission.UNINSTALL_SHORTCUT
ADDED from src\main\AndroidManifest.xml:31:5-90
	android:name
		ADDED from src\main\AndroidManifest.xml:31:22-87
uses-permission#android.permission.RECEIVE_BOOT_COMPLETED
ADDED from src\main\AndroidManifest.xml:32:5-81
	android:name
		ADDED from src\main\AndroidManifest.xml:32:22-78
uses-permission#android.permission.WRITE_EXTERNAL_STORAGE
ADDED from src\main\AndroidManifest.xml:33:5-81
	android:name
		ADDED from src\main\AndroidManifest.xml:33:22-78
uses-permission#org.wso2.emm.agent.permission.C2D_MESSAGE
ADDED from src\main\AndroidManifest.xml:34:5-81
	android:name
		ADDED from src\main\AndroidManifest.xml:34:22-78
uses-permission#android.permission.READ_PHONE_STATE
ADDED from src\main\AndroidManifest.xml:35:5-75
	android:name
		ADDED from src\main\AndroidManifest.xml:35:22-72
uses-permission#com.google.android.c2dm.permission.RECEIVE
ADDED from src\main\AndroidManifest.xml:36:5-82
	android:name
		ADDED from src\main\AndroidManifest.xml:36:22-79
uses-permission#android.permission.ACCESS_WIFI_STATE
ADDED from src\main\AndroidManifest.xml:37:5-76
	android:name
		ADDED from src\main\AndroidManifest.xml:37:22-73
uses-permission#android.permission.READ_LOGS
ADDED from src\main\AndroidManifest.xml:38:5-68
	android:name
		ADDED from src\main\AndroidManifest.xml:38:22-65
uses-permission#android.permission.ACCESS_GPS
ADDED from src\main\AndroidManifest.xml:39:5-69
	android:name
		ADDED from src\main\AndroidManifest.xml:39:22-66
uses-permission#android.permission.ACCESS_FINE_LOCATION
ADDED from src\main\AndroidManifest.xml:40:5-79
	android:name
		ADDED from src\main\AndroidManifest.xml:40:22-76
uses-permission#android.permisssion.ACCESS_COARSE_LOCATION
ADDED from src\main\AndroidManifest.xml:41:5-82
	android:name
		ADDED from src\main\AndroidManifest.xml:41:22-79
uses-permission#android.permission.INTERNET
ADDED from src\main\AndroidManifest.xml:43:5-67
	android:name
		ADDED from src\main\AndroidManifest.xml:43:22-64
uses-permission#android.permission.GET_ACCOUNTS
ADDED from src\main\AndroidManifest.xml:44:5-71
	android:name
		ADDED from src\main\AndroidManifest.xml:44:22-68
uses-permission#android.permission.CHANGE_WIFI_STATE
ADDED from src\main\AndroidManifest.xml:45:5-76
	android:name
		ADDED from src\main\AndroidManifest.xml:45:22-73
uses-permission#android.permission.ACCESS_NETWORK_STATE
ADDED from src\main\AndroidManifest.xml:46:5-79
	android:name
		ADDED from src\main\AndroidManifest.xml:46:22-76
uses-permission#android.permission.INTERACT_ACROSS_USERS
ADDED from src\main\AndroidManifest.xml:47:5-80
	android:name
		ADDED from src\main\AndroidManifest.xml:47:22-77
uses-permission#android.permission.GET_TASKS
ADDED from src\main\AndroidManifest.xml:48:5-68
	android:name
		ADDED from src\main\AndroidManifest.xml:48:22-65
uses-permission#android.permission.DOWNLOAD_WITHOUT_NOTIFICATION
ADDED from src\main\AndroidManifest.xml:49:5-88
	android:name
		ADDED from src\main\AndroidManifest.xml:49:22-85
uses-permission#org.wso2.emm.system.service.permission.ACCESS
ADDED from src\main\AndroidManifest.xml:50:5-84
	android:name
		ADDED from src\main\AndroidManifest.xml:50:22-82
permission#android.permission.READ_LOGS
ADDED from src\main\AndroidManifest.xml:51:5-63
	android:name
		ADDED from src\main\AndroidManifest.xml:51:17-60
permission#org.wso2.emm.agent.permission.ACCESS
ADDED from src\main\AndroidManifest.xml:52:5-53:58
	android:protectionLevel
		ADDED from src\main\AndroidManifest.xml:53:9-44
	android:name
		ADDED from src\main\AndroidManifest.xml:52:17-68
uses-permission#org.wso2.emm.agent.permission.ACCESS
ADDED from src\main\AndroidManifest.xml:54:5-75
	android:name
		ADDED from src\main\AndroidManifest.xml:54:22-73
permission#org.wso2.emm.agent.permission.C2D_MESSAGE
ADDED from src\main\AndroidManifest.xml:55:5-57:47
	android:protectionLevel
		ADDED from src\main\AndroidManifest.xml:57:9-44
	android:name
		ADDED from src\main\AndroidManifest.xml:56:9-65
uses-permission#android.permission.READ_EXTERNAL_STORAGE
ADDED from src\main\AndroidManifest.xml:59:5-61:38
	android:maxSdkVersion
		ADDED from src\main\AndroidManifest.xml:61:9-35
	android:name
		ADDED from src\main\AndroidManifest.xml:60:9-64
application
ADDED from src\main\AndroidManifest.xml:63:5-248:19
MERGED from [client:iDPProxy:unspecified] AndroidManifest.xml:28:5-32:19
MERGED from [com.android.volley:volley:unspecified] AndroidManifest.xml:9:5-20
MERGED from [com.google.android.gms:play-services-gcm:7.5.0] AndroidManifest.xml:19:5-20
MERGED from [com.google.android.gms:play-services-base:7.5.0] AndroidManifest.xml:20:5-24:19
MERGED from [com.android.support:support-v4:23.1.1] AndroidManifest.xml:22:5-20
MERGED from [com.actionbarsherlock:actionbarsherlock:4.4.0] AndroidManifest.xml:4:3-17
	android:screenOrientation
		ADDED from src\main\AndroidManifest.xml:69:9-45
	android:label
		ADDED from src\main\AndroidManifest.xml:67:9-41
	android:allowBackup
		ADDED from src\main\AndroidManifest.xml:65:9-35
	android:icon
		ADDED from src\main\AndroidManifest.xml:66:9-45
	android:largeHeap
		ADDED from src\main\AndroidManifest.xml:68:9-33
	android:theme
		ADDED from src\main\AndroidManifest.xml:70:9-43
	android:name
		ADDED from src\main\AndroidManifest.xml:64:9-41
activity#org.wso2.emm.agent.RegistrationActivity
ADDED from src\main\AndroidManifest.xml:71:9-74:59
	android:screenOrientation
		ADDED from src\main\AndroidManifest.xml:73:13-49
	android:theme
		ADDED from src\main\AndroidManifest.xml:74:13-47
	android:name
		ADDED from src\main\AndroidManifest.xml:72:13-49
activity#org.wso2.emm.agent.DisplayDeviceInfoActivity
ADDED from src\main\AndroidManifest.xml:75:9-78:61
	android:screenOrientation
		ADDED from src\main\AndroidManifest.xml:78:13-49
	android:label
		ADDED from src\main\AndroidManifest.xml:77:13-71
	android:name
		ADDED from src\main\AndroidManifest.xml:76:13-54
activity#org.wso2.emm.agent.EnableDeviceAdminActivity
ADDED from src\main\AndroidManifest.xml:79:9-83:58
	android:screenOrientation
		ADDED from src\main\AndroidManifest.xml:82:13-52
	android:label
		ADDED from src\main\AndroidManifest.xml:81:13-71
	android:excludeFromRecents
		ADDED from src\main\AndroidManifest.xml:83:13-46
	android:name
		ADDED from src\main\AndroidManifest.xml:80:13-54
receiver#com.google.android.gms.gcm.GcmReceiver
ADDED from src\main\AndroidManifest.xml:85:9-95:20
	android:exported
		ADDED from src\main\AndroidManifest.xml:87:13-36
	android:permission
		ADDED from src\main\AndroidManifest.xml:88:13-73
	android:name
		ADDED from src\main\AndroidManifest.xml:86:13-66
intent-filter#com.google.android.c2dm.intent.RECEIVE+com.google.android.c2dm.intent.REGISTRATION+org.wso2.emm.agent
ADDED from src\main\AndroidManifest.xml:89:13-94:29
action#com.google.android.c2dm.intent.RECEIVE
ADDED from src\main\AndroidManifest.xml:90:17-81
	android:name
		ADDED from src\main\AndroidManifest.xml:90:25-78
action#com.google.android.c2dm.intent.REGISTRATION
ADDED from src\main\AndroidManifest.xml:91:17-86
	android:name
		ADDED from src\main\AndroidManifest.xml:91:25-83
category#org.wso2.emm.agent
ADDED from src\main\AndroidManifest.xml:93:17-63
	android:name
		ADDED from src\main\AndroidManifest.xml:93:27-60
receiver#org.wso2.emm.agent.services.AgentDeviceAdminReceiver
ADDED from src\main\AndroidManifest.xml:96:9-109:20
	android:exported
		ADDED from src\main\AndroidManifest.xml:99:13-37
	android:permission
		ADDED from src\main\AndroidManifest.xml:98:13-70
	android:name
		ADDED from src\main\AndroidManifest.xml:97:13-62
intent-filter#android.app.action.DEVICE_ADMIN_ENABLED
ADDED from src\main\AndroidManifest.xml:100:13-104:29
action#android.app.action.DEVICE_ADMIN_ENABLED
ADDED from src\main\AndroidManifest.xml:103:17-82
	android:name
		ADDED from src\main\AndroidManifest.xml:103:25-79
meta-data#android.app.device_admin
ADDED from src\main\AndroidManifest.xml:106:13-108:72
	android:resource
		ADDED from src\main\AndroidManifest.xml:108:17-59
	android:name
		ADDED from src\main\AndroidManifest.xml:107:17-56
receiver#org.wso2.emm.agent.services.AlarmReceiver
ADDED from src\main\AndroidManifest.xml:110:9-60
	android:name
		ADDED from src\main\AndroidManifest.xml:110:19-57
receiver#org.wso2.emm.agent.events.EventAlarmReceiver
ADDED from src\main\AndroidManifest.xml:111:9-63
	android:name
		ADDED from src\main\AndroidManifest.xml:111:19-60
receiver#org.wso2.emm.agent.services.DeviceStartupIntentReceiver
ADDED from src\main\AndroidManifest.xml:112:9-122:20
	android:enabled
		ADDED from src\main\AndroidManifest.xml:114:13-35
	android:exported
		ADDED from src\main\AndroidManifest.xml:115:13-37
	android:name
		ADDED from src\main\AndroidManifest.xml:113:13-65
intent-filter#android.intent.action.BOOT_COMPLETED+android.intent.action.QUICKBOOT_POWERON+android.intent.category.DEFAULT
ADDED from src\main\AndroidManifest.xml:116:13-121:29
action#android.intent.action.BOOT_COMPLETED
ADDED from src\main\AndroidManifest.xml:117:17-79
	android:name
		ADDED from src\main\AndroidManifest.xml:117:25-76
action#android.intent.action.QUICKBOOT_POWERON
ADDED from src\main\AndroidManifest.xml:118:17-82
	android:name
		ADDED from src\main\AndroidManifest.xml:118:25-79
category#android.intent.category.DEFAULT
ADDED from src\main\AndroidManifest.xml:120:17-76
	android:name
		ADDED from src\main\AndroidManifest.xml:120:27-73
receiver#org.wso2.emm.agent.services.NetworkConnectedReceiver
ADDED from src\main\AndroidManifest.xml:123:9-131:20
	android:enabled
		ADDED from src\main\AndroidManifest.xml:125:13-35
	android:exported
		ADDED from src\main\AndroidManifest.xml:126:13-37
	android:name
		ADDED from src\main\AndroidManifest.xml:124:13-62
intent-filter#android.net.conn.CONNECTIVITY_CHANGE+android.net.wifi.WIFI_STATE_CHANGED
ADDED from src\main\AndroidManifest.xml:127:13-130:29
action#android.net.wifi.WIFI_STATE_CHANGED
ADDED from src\main\AndroidManifest.xml:128:17-78
	android:name
		ADDED from src\main\AndroidManifest.xml:128:25-75
action#android.net.conn.CONNECTIVITY_CHANGE
ADDED from src\main\AndroidManifest.xml:129:17-79
	android:name
		ADDED from src\main\AndroidManifest.xml:129:25-76
receiver#org.wso2.emm.agent.services.NotificationReceiver
ADDED from src\main\AndroidManifest.xml:132:9-138:20
	android:exported
		ADDED from src\main\AndroidManifest.xml:134:13-37
	android:name
		ADDED from src\main\AndroidManifest.xml:133:13-58
intent-filter#android.intent.category.DEFAULT
ADDED from src\main\AndroidManifest.xml:135:13-137:29
receiver#org.wso2.emm.agent.services.SystemServiceResponseReceiver
ADDED from src\main\AndroidManifest.xml:139:9-145:20
	android:exported
		ADDED from src\main\AndroidManifest.xml:141:13-37
	android:name
		ADDED from src\main\AndroidManifest.xml:140:13-67
receiver#org.wso2.emm.agent.events.listeners.ApplicationStateListener
ADDED from src\main\AndroidManifest.xml:146:9-155:20
	android:name
		ADDED from src\main\AndroidManifest.xml:146:19-76
intent-filter#android.intent.action.PACKAGE_ADDED+android.intent.action.PACKAGE_DATA_CLEARED+android.intent.action.PACKAGE_REMOVED+android.intent.action.PACKAGE_REPLACED
ADDED from src\main\AndroidManifest.xml:147:13-154:29
action#android.intent.action.PACKAGE_ADDED
ADDED from src\main\AndroidManifest.xml:148:17-78
	android:name
		ADDED from src\main\AndroidManifest.xml:148:25-75
action#android.intent.action.PACKAGE_REMOVED
ADDED from src\main\AndroidManifest.xml:149:17-80
	android:name
		ADDED from src\main\AndroidManifest.xml:149:25-77
action#android.intent.action.PACKAGE_REPLACED
ADDED from src\main\AndroidManifest.xml:150:17-81
	android:name
		ADDED from src\main\AndroidManifest.xml:150:25-78
action#android.intent.action.PACKAGE_DATA_CLEARED
ADDED from src\main\AndroidManifest.xml:151:17-85
	android:name
		ADDED from src\main\AndroidManifest.xml:151:25-82
data
ADDED from src\main\AndroidManifest.xml:153:17-50
	android:scheme
		ADDED from src\main\AndroidManifest.xml:153:23-47
service#org.wso2.emm.agent.services.ApplicationManagementService
ADDED from src\main\AndroidManifest.xml:156:9-164:19
	android:enabled
		ADDED from src\main\AndroidManifest.xml:158:13-35
	android:exported
		ADDED from src\main\AndroidManifest.xml:160:13-36
	android:permission
		ADDED from src\main\AndroidManifest.xml:159:13-70
	android:name
		ADDED from src\main\AndroidManifest.xml:157:13-66
intent-filter#org.wso2.emm.agent.START_SERVICE
ADDED from src\main\AndroidManifest.xml:161:13-163:29
action#org.wso2.emm.agent.START_SERVICE
ADDED from src\main\AndroidManifest.xml:162:17-75
	android:name
		ADDED from src\main\AndroidManifest.xml:162:25-72
service#org.wso2.emm.agent.services.EnrollmentService
ADDED from src\main\AndroidManifest.xml:165:9-172:19
	android:enabled
		ADDED from src\main\AndroidManifest.xml:166:13-35
	android:exported
		ADDED from src\main\AndroidManifest.xml:168:13-36
	android:permission
		ADDED from src\main\AndroidManifest.xml:167:13-70
	android:name
		ADDED from src\main\AndroidManifest.xml:165:18-60
intent-filter#org.wso2.emm.agent.enrollment.START_SERVICE
ADDED from src\main\AndroidManifest.xml:169:13-171:29
action#org.wso2.emm.agent.enrollment.START_SERVICE
ADDED from src\main\AndroidManifest.xml:170:17-86
	android:name
		ADDED from src\main\AndroidManifest.xml:170:25-83
service#org.wso2.emm.agent.GCMIntentService
ADDED from src\main\AndroidManifest.xml:173:9-179:19
	android:exported
		ADDED from src\main\AndroidManifest.xml:175:13-37
	android:name
		ADDED from src\main\AndroidManifest.xml:174:13-45
intent-filter#com.google.android.c2dm.intent.RECEIVE
ADDED from src\main\AndroidManifest.xml:176:13-178:29
service#org.wso2.emm.agent.services.VPNService
ADDED from src\main\AndroidManifest.xml:180:9-186:19
	android:permission
		ADDED from src\main\AndroidManifest.xml:182:13-69
	android:name
		ADDED from src\main\AndroidManifest.xml:181:13-48
intent-filter#android.net.VpnService
ADDED from src\main\AndroidManifest.xml:183:13-185:29
action#android.net.VpnService
ADDED from src\main\AndroidManifest.xml:184:17-65
	android:name
		ADDED from src\main\AndroidManifest.xml:184:25-62
activity#org.wso2.emm.agent.AlreadyRegisteredActivity
ADDED from src\main\AndroidManifest.xml:188:9-191:62
	android:screenOrientation
		ADDED from src\main\AndroidManifest.xml:190:13-49
	android:theme
		ADDED from src\main\AndroidManifest.xml:191:13-50
	android:name
		ADDED from src\main\AndroidManifest.xml:189:13-54
activity#org.wso2.emm.agent.AuthenticationActivity
ADDED from src\main\AndroidManifest.xml:192:9-196:79
	android:screenOrientation
		ADDED from src\main\AndroidManifest.xml:194:13-49
	android:windowSoftInputMode
		ADDED from src\main\AndroidManifest.xml:196:13-67
	android:theme
		ADDED from src\main\AndroidManifest.xml:195:13-50
	android:name
		ADDED from src\main\AndroidManifest.xml:193:13-51
activity#org.wso2.emm.agent.AuthenticationErrorActivity
ADDED from src\main\AndroidManifest.xml:197:9-199:61
	android:screenOrientation
		ADDED from src\main\AndroidManifest.xml:199:13-49
	android:name
		ADDED from src\main\AndroidManifest.xml:198:13-56
activity#org.wso2.emm.agent.NotifyActivity
ADDED from src\main\AndroidManifest.xml:200:9-203:61
	android:screenOrientation
		ADDED from src\main\AndroidManifest.xml:203:13-49
	android:label
		ADDED from src\main\AndroidManifest.xml:202:13-58
	android:name
		ADDED from src\main\AndroidManifest.xml:201:13-43
activity#org.wso2.emm.agent.ServerDetails
ADDED from src\main\AndroidManifest.xml:204:9-208:79
	android:screenOrientation
		ADDED from src\main\AndroidManifest.xml:207:13-49
	android:label
		ADDED from src\main\AndroidManifest.xml:206:13-45
	android:windowSoftInputMode
		ADDED from src\main\AndroidManifest.xml:208:13-67
	android:name
		ADDED from src\main\AndroidManifest.xml:205:13-42
activity#org.wso2.emm.agent.PinCodeActivity
ADDED from src\main\AndroidManifest.xml:209:9-212:79
	android:screenOrientation
		ADDED from src\main\AndroidManifest.xml:211:13-49
	android:windowSoftInputMode
		ADDED from src\main\AndroidManifest.xml:212:13-67
	android:name
		ADDED from src\main\AndroidManifest.xml:210:13-44
activity#org.wso2.emm.agent.AlertActivity
ADDED from src\main\AndroidManifest.xml:213:9-216:85
	android:screenOrientation
		ADDED from src\main\AndroidManifest.xml:215:13-49
	android:theme
		ADDED from src\main\AndroidManifest.xml:216:13-73
	android:name
		ADDED from src\main\AndroidManifest.xml:214:13-42
activity#org.wso2.emm.agent.LockActivity
ADDED from src\main\AndroidManifest.xml:217:9-220:68
	android:label
		ADDED from src\main\AndroidManifest.xml:220:13-56
	android:configChanges
		ADDED from src\main\AndroidManifest.xml:219:13-74
	android:name
		ADDED from src\main\AndroidManifest.xml:218:13-41
activity#org.wso2.emm.agent.services.EnableProfileActivity
ADDED from src\main\AndroidManifest.xml:222:9-224:57
	android:label
		ADDED from src\main\AndroidManifest.xml:224:13-45
	android:name
		ADDED from src\main\AndroidManifest.xml:223:13-59
activity#org.wso2.emm.agent.WorkProfileManager
ADDED from src\main\AndroidManifest.xml:225:9-228:61
	android:screenOrientation
		ADDED from src\main\AndroidManifest.xml:228:13-49
	android:label
		ADDED from src\main\AndroidManifest.xml:227:13-58
	android:name
		ADDED from src\main\AndroidManifest.xml:226:13-47
activity#org.wso2.emm.agent.AgentReceptionActivity
ADDED from src\main\AndroidManifest.xml:229:9-237:20
	android:label
		ADDED from src\main\AndroidManifest.xml:231:13-39
	android:name
		ADDED from src\main\AndroidManifest.xml:230:13-51
intent-filter#android.intent.action.MAIN+android.intent.category.LAUNCHER
ADDED from src\main\AndroidManifest.xml:232:13-236:29
action#android.intent.action.MAIN
ADDED from src\main\AndroidManifest.xml:233:17-69
	android:name
		ADDED from src\main\AndroidManifest.xml:233:25-66
category#android.intent.category.LAUNCHER
ADDED from src\main\AndroidManifest.xml:235:17-77
	android:name
		ADDED from src\main\AndroidManifest.xml:235:27-74
activity#org.wso2.emm.agent.AppLockActivity
ADDED from src\main\AndroidManifest.xml:238:9-242:83
	android:screenOrientation
		ADDED from src\main\AndroidManifest.xml:241:13-49
	android:label
		ADDED from src\main\AndroidManifest.xml:240:13-57
	android:theme
		ADDED from src\main\AndroidManifest.xml:242:13-71
	android:name
		ADDED from src\main\AndroidManifest.xml:239:13-44
service#org.wso2.emm.agent.services.AppLockService
ADDED from src\main\AndroidManifest.xml:244:9-247:40
	android:exported
		ADDED from src\main\AndroidManifest.xml:247:13-37
	android:permission
		ADDED from src\main\AndroidManifest.xml:246:13-70
	android:name
		ADDED from src\main\AndroidManifest.xml:245:13-52
meta-data#com.google.android.gms.version
ADDED from [com.google.android.gms:play-services-base:7.5.0] AndroidManifest.xml:21:9-23:69
	android:value
		ADDED from [com.google.android.gms:play-services-base:7.5.0] AndroidManifest.xml:23:13-66
	android:name
		ADDED from [com.google.android.gms:play-services-base:7.5.0] AndroidManifest.xml:22:13-58